ELF Header:
  Magic:   7f 45 4c 46 02 01 01 00 00 00 00 00 00 00 00 00 
  Class:                             ELF64
  Data:                              2's complement, little endian
  Version:                           1 (current)
  OS/ABI:                            UNIX - System V
  ABI Version:                       0
  Type:                              EXEC (Executable file)
  Machine:                           Advanced Micro Devices X86-64
  Version:                           0x1
  Entry point address:               0x400510
  Start of program headers:          64 (bytes into file)
  Start of section headers:          6472 (bytes into file)
  Flags:                             0x0
  Size of this header:               64 (bytes)
  Size of program headers:           56 (bytes)
  Number of program headers:         9
  Size of section headers:           64 (bytes)
  Number of section headers:         30
  Section header string table index: 29

Section Headers:
  [Nr] Name              Type             Address           Offset
       Size              EntSize          Flags  Link  Info  Align
  [ 0]                   NULL             0000000000000000  00000000
       0000000000000000  0000000000000000           0     0     0
  [ 1] .interp           PROGBITS         0000000000400238  00000238
       000000000000001c  0000000000000000   A       0     0     1
  [ 2] .note.ABI-tag     NOTE             0000000000400254  00000254
       0000000000000020  0000000000000000   A       0     0     4
  [ 3] .note.gnu.build-i NOTE             0000000000400274  00000274
       0000000000000024  0000000000000000   A       0     0     4
  [ 4] .gnu.hash         GNU_HASH         0000000000400298  00000298
       0000000000000038  0000000000000000   A       5     0     8
  [ 5] .dynsym           DYNSYM           00000000004002d0  000002d0
       00000000000000d8  0000000000000018   A       6     1     8
  [ 6] .dynstr           STRTAB           00000000004003a8  000003a8
       000000000000006c  0000000000000000   A       0     0     1
  [ 7] .gnu.version      VERSYM           0000000000400414  00000414
       0000000000000012  0000000000000002   A       5     0     2
  [ 8] .gnu.version_r    VERNEED          0000000000400428  00000428
       0000000000000020  0000000000000000   A       6     1     8
  [ 9] .rela.dyn         RELA             0000000000400448  00000448
       0000000000000018  0000000000000018   A       5     0     8
  [10] .rela.plt         RELA             0000000000400460  00000460
       0000000000000048  0000000000000018  AI       5    23     8
  [11] .init             PROGBITS         00000000004004a8  000004a8
       000000000000001a  0000000000000000  AX       0     0     4
  [12] .plt              PROGBITS         00000000004004d0  000004d0
       0000000000000040  0000000000000010  AX       0     0     16
  [13] .text             PROGBITS         0000000000400510  00000510
       0000000000000182  0000000000000000  AX       0     0     16
  [14] .fini             PROGBITS         0000000000400694  00000694
       0000000000000009  0000000000000000  AX       0     0     4
  [15] .rodata           PROGBITS         00000000004006a0  000006a0
       0000000000000010  0000000000000000   A       0     0     8
  [16] .eh_frame_hdr     PROGBITS         00000000004006b0  000006b0
       0000000000000034  0000000000000000   A       0     0     4
  [17] .eh_frame         PROGBITS         00000000004006e8  000006e8
       00000000000000f4  0000000000000000   A       0     0     8
  [18] .init_array       INIT_ARRAY       0000000000600e00  00000e00
       0000000000000008  0000000000000008  WA       0     0     8
  [19] .fini_array       FINI_ARRAY       0000000000600e08  00000e08
       0000000000000008  0000000000000008  WA       0     0     8
  [20] .jcr              PROGBITS         0000000000600e10  00000e10
       0000000000000008  0000000000000000  WA       0     0     8
  [21] .dynamic          DYNAMIC          0000000000600e18  00000e18
       00000000000001e0  0000000000000010  WA       6     0     8
  [22] .got              PROGBITS         0000000000600ff8  00000ff8
       0000000000000008  0000000000000008  WA       0     0     8
  [23] .got.plt          PROGBITS         0000000000601000  00001000
       0000000000000030  0000000000000008  WA       0     0     8
  [24] .data             PROGBITS         0000000000601030  00001030
       0000000000000004  0000000000000000  WA       0     0     1
  [25] .bss              NOBITS           0000000000601034  00001034
       0000000000000004  0000000000000000  WA       0     0     1
  [26] .comment          PROGBITS         0000000000000000  00001034
       000000000000005a  0000000000000001  MS       0     0     1
  [27] .symtab           SYMTAB           0000000000000000  00001090
       00000000000005e8  0000000000000018          28    46     8
  [28] .strtab           STRTAB           0000000000000000  00001678
       00000000000001c2  0000000000000000           0     0     1
  [29] .shstrtab         STRTAB           0000000000000000  0000183a
       0000000000000108  0000000000000000           0     0     1
Key to Flags:
  W (write), A (alloc), X (execute), M (merge), S (strings), I (info),
  L (link order), O (extra OS processing required), G (group), T (TLS),
  C (compressed), x (unknown), o (OS specific), E (exclude),
  l (large), p (processor specific)

There are no section groups in this file.

Program Headers:
  Type           Offset             VirtAddr           PhysAddr
                 FileSiz            MemSiz              Flags  Align
  PHDR           0x0000000000000040 0x0000000000400040 0x0000000000400040
                 0x00000000000001f8 0x00000000000001f8  R E    8
  INTERP         0x0000000000000238 0x0000000000400238 0x0000000000400238
                 0x000000000000001c 0x000000000000001c  R      1
      [Requesting program interpreter: /lib64/ld-linux-x86-64.so.2]
  LOAD           0x0000000000000000 0x0000000000400000 0x0000000000400000
                 0x00000000000007dc 0x00000000000007dc  R E    200000
  LOAD           0x0000000000000e00 0x0000000000600e00 0x0000000000600e00
                 0x0000000000000234 0x0000000000000238  RW     200000
  DYNAMIC        0x0000000000000e18 0x0000000000600e18 0x0000000000600e18
                 0x00000000000001e0 0x00000000000001e0  RW     8
  NOTE           0x0000000000000254 0x0000000000400254 0x0000000000400254
                 0x0000000000000044 0x0000000000000044  R      4
  GNU_EH_FRAME   0x00000000000006b0 0x00000000004006b0 0x00000000004006b0
                 0x0000000000000034 0x0000000000000034  R      4
  GNU_STACK      0x0000000000000000 0x0000000000000000 0x0000000000000000
                 0x0000000000000000 0x0000000000000000  RW     10
  GNU_RELRO      0x0000000000000e00 0x0000000000600e00 0x0000000000600e00
                 0x0000000000000200 0x0000000000000200  R      1

 Section to Segment mapping:
  Segment Sections...
   00     
   01     .interp 
   02     .interp .note.ABI-tag .note.gnu.build-id .gnu.hash .dynsym .dynstr .gnu.version .gnu.version_r .rela.dyn .rela.plt .init .plt .text .fini .rodata .eh_frame_hdr .eh_frame 
   03     .init_array .fini_array .jcr .dynamic .got .got.plt .data .bss 
   04     .dynamic 
   05     .note.ABI-tag .note.gnu.build-id 
   06     .eh_frame_hdr 
   07     
   08     .init_array .fini_array .jcr .dynamic .got 

Dynamic section at offset 0xe18 contains 25 entries:
  Tag        Type                         Name/Value
 0x0000000000000001 (NEEDED)             Shared library: [./lib.so]
 0x0000000000000001 (NEEDED)             Shared library: [libc.so.6]
 0x000000000000000c (INIT)               0x4004a8
 0x000000000000000d (FINI)               0x400694
 0x0000000000000019 (INIT_ARRAY)         0x600e00
 0x000000000000001b (INIT_ARRAYSZ)       8 (bytes)
 0x000000000000001a (FINI_ARRAY)         0x600e08
 0x000000000000001c (FINI_ARRAYSZ)       8 (bytes)
 0x000000006ffffef5 (GNU_HASH)           0x400298
 0x0000000000000005 (STRTAB)             0x4003a8
 0x0000000000000006 (SYMTAB)             0x4002d0
 0x000000000000000a (STRSZ)              108 (bytes)
 0x000000000000000b (SYMENT)             24 (bytes)
 0x0000000000000015 (DEBUG)              0x0
 0x0000000000000003 (PLTGOT)             0x601000
 0x0000000000000002 (PLTRELSZ)           72 (bytes)
 0x0000000000000014 (PLTREL)             RELA
 0x0000000000000017 (JMPREL)             0x400460
 0x0000000000000007 (RELA)               0x400448
 0x0000000000000008 (RELASZ)             24 (bytes)
 0x0000000000000009 (RELAENT)            24 (bytes)
 0x000000006ffffffe (VERNEED)            0x400428
 0x000000006fffffff (VERNEEDNUM)         1
 0x000000006ffffff0 (VERSYM)             0x400414
 0x0000000000000000 (NULL)               0x0

Relocation section '.rela.dyn' at offset 0x448 contains 1 entries:
  Offset          Info           Type           Sym. Value    Sym. Name + Addend
000000600ff8  000300000006 R_X86_64_GLOB_DAT 0000000000000000 __gmon_start__ + 0

Relocation section '.rela.plt' at offset 0x460 contains 3 entries:
  Offset          Info           Type           Sym. Value    Sym. Name + Addend
000000601018  000100000007 R_X86_64_JUMP_SLO 0000000000000000 foobar + 0
000000601020  000200000007 R_X86_64_JUMP_SLO 0000000000000000 __libc_start_main@GLIBC_2.2.5 + 0
000000601028  000300000007 R_X86_64_JUMP_SLO 0000000000000000 __gmon_start__ + 0

The decoding of unwind sections for machine type Advanced Micro Devices X86-64 is not currently supported.

Symbol table '.dynsym' contains 9 entries:
   Num:    Value          Size Type    Bind   Vis      Ndx Name
     0: 0000000000000000     0 NOTYPE  LOCAL  DEFAULT  UND 
     1: 0000000000000000     0 FUNC    GLOBAL DEFAULT  UND foobar
     2: 0000000000000000     0 FUNC    GLOBAL DEFAULT  UND __libc_start_main@GLIBC_2.2.5 (2)
     3: 0000000000000000     0 NOTYPE  WEAK   DEFAULT  UND __gmon_start__
     4: 0000000000601034     0 NOTYPE  GLOBAL DEFAULT   24 _edata
     5: 0000000000601038     0 NOTYPE  GLOBAL DEFAULT   25 _end
     6: 0000000000601034     0 NOTYPE  GLOBAL DEFAULT   25 __bss_start
     7: 00000000004004a8     0 FUNC    GLOBAL DEFAULT   11 _init
     8: 0000000000400694     0 FUNC    GLOBAL DEFAULT   14 _fini

Symbol table '.symtab' contains 63 entries:
   Num:    Value          Size Type    Bind   Vis      Ndx Name
     0: 0000000000000000     0 NOTYPE  LOCAL  DEFAULT  UND 
     1: 0000000000400238     0 SECTION LOCAL  DEFAULT    1 
     2: 0000000000400254     0 SECTION LOCAL  DEFAULT    2 
     3: 0000000000400274     0 SECTION LOCAL  DEFAULT    3 
     4: 0000000000400298     0 SECTION LOCAL  DEFAULT    4 
     5: 00000000004002d0     0 SECTION LOCAL  DEFAULT    5 
     6: 00000000004003a8     0 SECTION LOCAL  DEFAULT    6 
     7: 0000000000400414     0 SECTION LOCAL  DEFAULT    7 
     8: 0000000000400428     0 SECTION LOCAL  DEFAULT    8 
     9: 0000000000400448     0 SECTION LOCAL  DEFAULT    9 
    10: 0000000000400460     0 SECTION LOCAL  DEFAULT   10 
    11: 00000000004004a8     0 SECTION LOCAL  DEFAULT   11 
    12: 00000000004004d0     0 SECTION LOCAL  DEFAULT   12 
    13: 0000000000400510     0 SECTION LOCAL  DEFAULT   13 
    14: 0000000000400694     0 SECTION LOCAL  DEFAULT   14 
    15: 00000000004006a0     0 SECTION LOCAL  DEFAULT   15 
    16: 00000000004006b0     0 SECTION LOCAL  DEFAULT   16 
    17: 00000000004006e8     0 SECTION LOCAL  DEFAULT   17 
    18: 0000000000600e00     0 SECTION LOCAL  DEFAULT   18 
    19: 0000000000600e08     0 SECTION LOCAL  DEFAULT   19 
    20: 0000000000600e10     0 SECTION LOCAL  DEFAULT   20 
    21: 0000000000600e18     0 SECTION LOCAL  DEFAULT   21 
    22: 0000000000600ff8     0 SECTION LOCAL  DEFAULT   22 
    23: 0000000000601000     0 SECTION LOCAL  DEFAULT   23 
    24: 0000000000601030     0 SECTION LOCAL  DEFAULT   24 
    25: 0000000000601034     0 SECTION LOCAL  DEFAULT   25 
    26: 0000000000000000     0 SECTION LOCAL  DEFAULT   26 
    27: 0000000000000000     0 FILE    LOCAL  DEFAULT  ABS crtstuff.c
    28: 0000000000600e10     0 OBJECT  LOCAL  DEFAULT   20 __JCR_LIST__
    29: 0000000000400540     0 FUNC    LOCAL  DEFAULT   13 deregister_tm_clones
    30: 0000000000400570     0 FUNC    LOCAL  DEFAULT   13 register_tm_clones
    31: 00000000004005b0     0 FUNC    LOCAL  DEFAULT   13 __do_global_dtors_aux
    32: 0000000000601034     1 OBJECT  LOCAL  DEFAULT   25 completed.6355
    33: 0000000000600e08     0 OBJECT  LOCAL  DEFAULT   19 __do_global_dtors_aux_fin
    34: 00000000004005d0     0 FUNC    LOCAL  DEFAULT   13 frame_dummy
    35: 0000000000600e00     0 OBJECT  LOCAL  DEFAULT   18 __frame_dummy_init_array_
    36: 0000000000000000     0 FILE    LOCAL  DEFAULT  ABS program1.c
    37: 0000000000000000     0 FILE    LOCAL  DEFAULT  ABS crtstuff.c
    38: 00000000004007d8     0 OBJECT  LOCAL  DEFAULT   17 __FRAME_END__
    39: 0000000000600e10     0 OBJECT  LOCAL  DEFAULT   20 __JCR_END__
    40: 0000000000000000     0 FILE    LOCAL  DEFAULT  ABS 
    41: 0000000000600e08     0 NOTYPE  LOCAL  DEFAULT   18 __init_array_end
    42: 0000000000600e18     0 OBJECT  LOCAL  DEFAULT   21 _DYNAMIC
    43: 0000000000600e00     0 NOTYPE  LOCAL  DEFAULT   18 __init_array_start
    44: 00000000004006b0     0 NOTYPE  LOCAL  DEFAULT   16 __GNU_EH_FRAME_HDR
    45: 0000000000601000     0 OBJECT  LOCAL  DEFAULT   23 _GLOBAL_OFFSET_TABLE_
    46: 0000000000400690     2 FUNC    GLOBAL DEFAULT   13 __libc_csu_fini
    47: 0000000000601030     0 NOTYPE  WEAK   DEFAULT   24 data_start
    48: 0000000000601034     0 NOTYPE  GLOBAL DEFAULT   24 _edata
    49: 0000000000400694     0 FUNC    GLOBAL DEFAULT   14 _fini
    50: 0000000000000000     0 FUNC    GLOBAL DEFAULT  UND foobar
    51: 0000000000000000     0 FUNC    GLOBAL DEFAULT  UND __libc_start_main@@GLIBC_
    52: 0000000000601030     0 NOTYPE  GLOBAL DEFAULT   24 __data_start
    53: 0000000000000000     0 NOTYPE  WEAK   DEFAULT  UND __gmon_start__
    54: 00000000004006a8     0 OBJECT  GLOBAL HIDDEN    15 __dso_handle
    55: 00000000004006a0     4 OBJECT  GLOBAL DEFAULT   15 _IO_stdin_used
    56: 0000000000400620   101 FUNC    GLOBAL DEFAULT   13 __libc_csu_init
    57: 0000000000601038     0 NOTYPE  GLOBAL DEFAULT   25 _end
    58: 0000000000400510     0 FUNC    GLOBAL DEFAULT   13 _start
    59: 0000000000601034     0 NOTYPE  GLOBAL DEFAULT   25 __bss_start
    60: 00000000004005fd    21 FUNC    GLOBAL DEFAULT   13 main
    61: 0000000000601038     0 OBJECT  GLOBAL HIDDEN    24 __TMC_END__
    62: 00000000004004a8     0 FUNC    GLOBAL DEFAULT   11 _init

Histogram for `.gnu.hash' bucket list length (total of 3 buckets):
 Length  Number     % of total  Coverage
      0  0          (  0.0%)
      1  1          ( 33.3%)     20.0%
      2  2          ( 66.7%)    100.0%

Version symbols section '.gnu.version' contains 9 entries:
 Addr: 0000000000400414  Offset: 0x000414  Link: 5 (.dynsym)
  000:   0 (*local*)       0 (*local*)       2 (GLIBC_2.2.5)   0 (*local*)    
  004:   1 (*global*)      1 (*global*)      1 (*global*)      1 (*global*)   
  008:   1 (*global*)   

Version needs section '.gnu.version_r' contains 1 entries:
 Addr: 0x0000000000400428  Offset: 0x000428  Link: 6 (.dynstr)
  000000: Version: 1  File: libc.so.6  Cnt: 1
  0x0010:   Name: GLIBC_2.2.5  Flags: none  Version: 2

Displaying notes found at file offset 0x00000254 with length 0x00000020:
  Owner                 Data size	Description
  GNU                  0x00000010	NT_GNU_ABI_TAG (ABI version tag)
    OS: Linux, ABI: 2.6.32

Displaying notes found at file offset 0x00000274 with length 0x00000024:
  Owner                 Data size	Description
  GNU                  0x00000014	NT_GNU_BUILD_ID (unique build ID bitstring)
    Build ID: 11e36340986c70b0c1045a70deab5a6e95e71291
