
SimpleSection.o:     file format elf64-x86-64


Disassembly of section .text:

0000000000000000 <func1>:
   0:	55                   	push   %rbp
   1:	48 89 e5             	mov    %rsp,%rbp
   4:	48 83 ec 10          	sub    $0x10,%rsp
   8:	89 7d fc             	mov    %edi,-0x4(%rbp)
   b:	8b 45 fc             	mov    -0x4(%rbp),%eax
   e:	89 c6                	mov    %eax,%esi
  10:	bf 00 00 00 00       	mov    $0x0,%edi
  15:	b8 00 00 00 00       	mov    $0x0,%eax
  1a:	e8 00 00 00 00       	callq  1f <func1+0x1f>
  1f:	c9                   	leaveq 
  20:	c3                   	retq   

0000000000000021 <main>:
  21:	55                   	push   %rbp
  22:	48 89 e5             	mov    %rsp,%rbp
  25:	48 83 ec 20          	sub    $0x20,%rsp
  29:	89 7d ec             	mov    %edi,-0x14(%rbp)
  2c:	48 89 75 e0          	mov    %rsi,-0x20(%rbp)
  30:	c7 45 fc 01 00 00 00 	movl   $0x1,-0x4(%rbp)
  37:	8b 15 00 00 00 00    	mov    0x0(%rip),%edx        # 3d <main+0x1c>
  3d:	8b 05 00 00 00 00    	mov    0x0(%rip),%eax        # 43 <main+0x22>
  43:	01 c2                	add    %eax,%edx
  45:	8b 45 fc             	mov    -0x4(%rbp),%eax
  48:	01 c2                	add    %eax,%edx
  4a:	8b 45 f8             	mov    -0x8(%rbp),%eax
  4d:	01 d0                	add    %edx,%eax
  4f:	89 c7                	mov    %eax,%edi
  51:	e8 00 00 00 00       	callq  56 <main+0x35>
  56:	b8 00 00 00 00       	mov    $0x0,%eax
  5b:	c9                   	leaveq 
  5c:	c3                   	retq   
