ELF Header:
  Magic:   7f 45 4c 46 02 01 01 00 00 00 00 00 00 00 00 00 
  Class:                             ELF64
  Data:                              2's complement, little endian
  Version:                           1 (current)
  OS/ABI:                            UNIX - System V
  ABI Version:                       0
  Type:                              EXEC (Executable file)
  Machine:                           Advanced Micro Devices X86-64
  Version:                           0x1
  Entry point address:               0x40011d
  Start of program headers:          64 (bytes into file)
  Start of section headers:          4616 (bytes into file)
  Flags:                             0x0
  Size of this header:               64 (bytes)
  Size of program headers:           56 (bytes)
  Number of program headers:         3
  Size of section headers:           64 (bytes)
  Number of section headers:         9
  Section header string table index: 8

Section Headers:
  [Nr] Name              Type             Address           Offset
       Size              EntSize          Flags  Link  Info  Align
  [ 0]                   NULL             0000000000000000  00000000
       0000000000000000  0000000000000000           0     0     0
  [ 1] .text             PROGBITS         00000000004000e8  000000e8
       000000000000004f  0000000000000000  AX       0     0     1
  [ 2] .rodata           PROGBITS         0000000000400137  00000137
       000000000000000e  0000000000000000   A       0     0     1
  [ 3] .eh_frame         PROGBITS         0000000000400148  00000148
       0000000000000078  0000000000000000   A       0     0     8
  [ 4] .data             PROGBITS         0000000000601000  00001000
       0000000000000008  0000000000000000  WA       0     0     8
  [ 5] .comment          PROGBITS         0000000000000000  00001008
       000000000000002d  0000000000000001  MS       0     0     1
  [ 6] .symtab           SYMTAB           0000000000000000  00001038
       0000000000000150  0000000000000018           7     7     8
  [ 7] .strtab           STRTAB           0000000000000000  00001188
       0000000000000037  0000000000000000           0     0     1
  [ 8] .shstrtab         STRTAB           0000000000000000  000011bf
       0000000000000042  0000000000000000           0     0     1
Key to Flags:
  W (write), A (alloc), X (execute), M (merge), S (strings), I (info),
  L (link order), O (extra OS processing required), G (group), T (TLS),
  C (compressed), x (unknown), o (OS specific), E (exclude),
  l (large), p (processor specific)

There are no section groups in this file.

Program Headers:
  Type           Offset             VirtAddr           PhysAddr
                 FileSiz            MemSiz              Flags  Align
  LOAD           0x0000000000000000 0x0000000000400000 0x0000000000400000
                 0x00000000000001c0 0x00000000000001c0  R E    200000
  LOAD           0x0000000000001000 0x0000000000601000 0x0000000000601000
                 0x0000000000000008 0x0000000000000008  RW     200000
  GNU_STACK      0x0000000000000000 0x0000000000000000 0x0000000000000000
                 0x0000000000000000 0x0000000000000000  RW     10

 Section to Segment mapping:
  Segment Sections...
   00     .text .rodata .eh_frame 
   01     .data 
   02     

There is no dynamic section in this file.

There are no relocations in this file.

The decoding of unwind sections for machine type Advanced Micro Devices X86-64 is not currently supported.

Symbol table '.symtab' contains 14 entries:
   Num:    Value          Size Type    Bind   Vis      Ndx Name
     0: 0000000000000000     0 NOTYPE  LOCAL  DEFAULT  UND 
     1: 00000000004000e8     0 SECTION LOCAL  DEFAULT    1 
     2: 0000000000400137     0 SECTION LOCAL  DEFAULT    2 
     3: 0000000000400148     0 SECTION LOCAL  DEFAULT    3 
     4: 0000000000601000     0 SECTION LOCAL  DEFAULT    4 
     5: 0000000000000000     0 SECTION LOCAL  DEFAULT    5 
     6: 0000000000000000     0 FILE    LOCAL  DEFAULT  ABS hello.c
     7: 00000000004000e8    35 FUNC    GLOBAL DEFAULT    1 print
     8: 000000000040011d    26 FUNC    GLOBAL DEFAULT    1 nomain
     9: 0000000000601008     0 NOTYPE  GLOBAL DEFAULT    4 __bss_start
    10: 0000000000601008     0 NOTYPE  GLOBAL DEFAULT    4 _edata
    11: 0000000000601008     0 NOTYPE  GLOBAL DEFAULT    4 _end
    12: 0000000000601000     8 OBJECT  GLOBAL DEFAULT    4 str
    13: 000000000040010b    18 FUNC    GLOBAL DEFAULT    1 exit

No version information found in this file.
