There are 34 section headers, starting at offset 0xd1b68:

Section Headers:
  [Nr] Name              Type             Address           Offset
       Size              EntSize          Flags  Link  Info  Align
  [ 0]                   NULL             0000000000000000  00000000
       0000000000000000  0000000000000000           0     0     0
  [ 1] .note.ABI-tag     NOTE             0000000000400190  00000190
       0000000000000020  0000000000000000   A       0     0     4
  [ 2] .note.gnu.build-i NOTE             00000000004001b0  000001b0
       0000000000000024  0000000000000000   A       0     0     4
  [ 3] .rela.plt         RELA             00000000004001d8  000001d8
       0000000000000108  0000000000000018  AI       0    25     8
  [ 4] .init             PROGBITS         00000000004002e0  000002e0
       000000000000001a  0000000000000000  AX       0     0     4
  [ 5] .plt              PROGBITS         0000000000400300  00000300
       00000000000000b0  0000000000000000  AX       0     0     16
  [ 6] .text             PROGBITS         00000000004003b0  000003b0
       00000000000921b6  0000000000000000  AX       0     0     16
  [ 7] __libc_thread_fre PROGBITS         0000000000492570  00092570
       00000000000000b2  0000000000000000  AX       0     0     16
  [ 8] __libc_freeres_fn PROGBITS         0000000000492630  00092630
       0000000000001aef  0000000000000000  AX       0     0     16
  [ 9] .fini             PROGBITS         0000000000494120  00094120
       0000000000000009  0000000000000000  AX       0     0     4
  [10] .rodata           PROGBITS         0000000000494140  00094140
       00000000000196f8  0000000000000000   A       0     0     32
  [11] .stapsdt.base     PROGBITS         00000000004ad838  000ad838
       0000000000000001  0000000000000000   A       0     0     1
  [12] __libc_thread_sub PROGBITS         00000000004ad840  000ad840
       0000000000000008  0000000000000000   A       0     0     8
  [13] __libc_subfreeres PROGBITS         00000000004ad848  000ad848
       0000000000000050  0000000000000000   A       0     0     8
  [14] __libc_IO_vtables PROGBITS         00000000004ad8a0  000ad8a0
       00000000000006a8  0000000000000000   A       0     0     32
  [15] __libc_atexit     PROGBITS         00000000004adf48  000adf48
       0000000000000008  0000000000000000   A       0     0     8
  [16] .eh_frame         PROGBITS         00000000004adf50  000adf50
       000000000000e36c  0000000000000000   A       0     0     8
  [17] .gcc_except_table PROGBITS         00000000004bc2bc  000bc2bc
       0000000000000105  0000000000000000   A       0     0     1
  [18] .tdata            PROGBITS         00000000006bceb0  000bceb0
       0000000000000020  0000000000000000 WAT       0     0     16
  [19] .tbss             NOBITS           00000000006bced0  000bced0
       0000000000000038  0000000000000000 WAT       0     0     16
  [20] .init_array       INIT_ARRAY       00000000006bced0  000bced0
       0000000000000010  0000000000000008  WA       0     0     8
  [21] .fini_array       FINI_ARRAY       00000000006bcee0  000bcee0
       0000000000000010  0000000000000008  WA       0     0     8
  [22] .jcr              PROGBITS         00000000006bcef0  000bcef0
       0000000000000008  0000000000000000  WA       0     0     8
  [23] .data.rel.ro      PROGBITS         00000000006bcf00  000bcf00
       00000000000000e4  0000000000000000  WA       0     0     32
  [24] .got              PROGBITS         00000000006bcfe8  000bcfe8
       0000000000000008  0000000000000008  WA       0     0     8
  [25] .got.plt          PROGBITS         00000000006bd000  000bd000
       0000000000000070  0000000000000008  WA       0     0     8
  [26] .data             PROGBITS         00000000006bd080  000bd080
       0000000000001690  0000000000000000  WA       0     0     32
  [27] .bss              NOBITS           00000000006be720  000be710
       0000000000002158  0000000000000000  WA       0     0     32
  [28] __libc_freeres_pt NOBITS           00000000006c0878  000be710
       0000000000000030  0000000000000000  WA       0     0     8
  [29] .comment          PROGBITS         0000000000000000  000be710
       000000000000005a  0000000000000001  MS       0     0     1
  [30] .note.stapsdt     NOTE             0000000000000000  000be76c
       0000000000000f88  0000000000000000           0     0     4
  [31] .symtab           SYMTAB           0000000000000000  000bf6f8
       000000000000ba48  0000000000000018          32   818     8
  [32] .strtab           STRTAB           0000000000000000  000cb140
       00000000000068aa  0000000000000000           0     0     1
  [33] .shstrtab         STRTAB           0000000000000000  000d19ea
       000000000000017b  0000000000000000           0     0     1
Key to Flags:
  W (write), A (alloc), X (execute), M (merge), S (strings), I (info),
  L (link order), O (extra OS processing required), G (group), T (TLS),
  C (compressed), x (unknown), o (OS specific), E (exclude),
  l (large), p (processor specific)
