
Symbol table '.dynsym' contains 14 entries:
   Num:    Value          Size Type    Bind   Vis      Ndx Name
     0: 0000000000000000     0 NOTYPE  LOCAL  DEFAULT  UND 
     1: 0000000000000000     0 NOTYPE  WEAK   DEFAULT  UND _ITM_deregisterTMCloneTab
     2: 0000000000000000     0 FUNC    GLOBAL DEFAULT  UND printf@GLIBC_2.2.5 (2)
     3: 0000000000000000     0 NOTYPE  WEAK   DEFAULT  UND __gmon_start__
     4: 0000000000000000     0 NOTYPE  WEAK   DEFAULT  UND _Jv_RegisterClasses
     5: 0000000000000000     0 NOTYPE  WEAK   DEFAULT  UND _ITM_registerTMCloneTable
     6: 0000000000000000     0 FUNC    GLOBAL DEFAULT  UND sleep@GLIBC_2.2.5 (2)
     7: 0000000000000000     0 FUNC    WEAK   DEFAULT  UND __cxa_finalize@GLIBC_2.2.5 (2)
     8: 0000000000201038     0 NOTYPE  GLOBAL DEFAULT   22 _edata
     9: 0000000000201040     0 NOTYPE  GLOBAL DEFAULT   23 _end
    10: 0000000000201038     0 NOTYPE  GLOBAL DEFAULT   23 __bss_start
    11: 0000000000000598     0 FUNC    GLOBAL DEFAULT    9 _init
    12: 0000000000000728     0 FUNC    GLOBAL DEFAULT   12 _fini
    13: 00000000000006f5    50 FUNC    GLOBAL DEFAULT   11 foobar

Symbol table '.symtab' contains 57 entries:
   Num:    Value          Size Type    Bind   Vis      Ndx Name
     0: 0000000000000000     0 NOTYPE  LOCAL  DEFAULT  UND 
     1: 00000000000001c8     0 SECTION LOCAL  DEFAULT    1 
     2: 00000000000001f0     0 SECTION LOCAL  DEFAULT    2 
     3: 0000000000000230     0 SECTION LOCAL  DEFAULT    3 
     4: 0000000000000380     0 SECTION LOCAL  DEFAULT    4 
     5: 0000000000000438     0 SECTION LOCAL  DEFAULT    5 
     6: 0000000000000458     0 SECTION LOCAL  DEFAULT    6 
     7: 0000000000000478     0 SECTION LOCAL  DEFAULT    7 
     8: 0000000000000538     0 SECTION LOCAL  DEFAULT    8 
     9: 0000000000000598     0 SECTION LOCAL  DEFAULT    9 
    10: 00000000000005c0     0 SECTION LOCAL  DEFAULT   10 
    11: 0000000000000610     0 SECTION LOCAL  DEFAULT   11 
    12: 0000000000000728     0 SECTION LOCAL  DEFAULT   12 
    13: 0000000000000731     0 SECTION LOCAL  DEFAULT   13 
    14: 0000000000000750     0 SECTION LOCAL  DEFAULT   14 
    15: 0000000000000770     0 SECTION LOCAL  DEFAULT   15 
    16: 0000000000200df8     0 SECTION LOCAL  DEFAULT   16 
    17: 0000000000200e00     0 SECTION LOCAL  DEFAULT   17 
    18: 0000000000200e08     0 SECTION LOCAL  DEFAULT   18 
    19: 0000000000200e10     0 SECTION LOCAL  DEFAULT   19 
    20: 0000000000200e18     0 SECTION LOCAL  DEFAULT   20 
    21: 0000000000200fd8     0 SECTION LOCAL  DEFAULT   21 
    22: 0000000000201000     0 SECTION LOCAL  DEFAULT   22 
    23: 0000000000201038     0 SECTION LOCAL  DEFAULT   23 
    24: 0000000000000000     0 SECTION LOCAL  DEFAULT   24 
    25: 0000000000000000     0 FILE    LOCAL  DEFAULT  ABS crtstuff.c
    26: 0000000000200e08     0 OBJECT  LOCAL  DEFAULT   18 __JCR_LIST__
    27: 0000000000000610     0 FUNC    LOCAL  DEFAULT   11 deregister_tm_clones
    28: 0000000000000640     0 FUNC    LOCAL  DEFAULT   11 register_tm_clones
    29: 0000000000000680     0 FUNC    LOCAL  DEFAULT   11 __do_global_dtors_aux
    30: 0000000000201038     1 OBJECT  LOCAL  DEFAULT   23 completed.6355
    31: 0000000000200e00     0 OBJECT  LOCAL  DEFAULT   17 __do_global_dtors_aux_fin
    32: 00000000000006c0     0 FUNC    LOCAL  DEFAULT   11 frame_dummy
    33: 0000000000200df8     0 OBJECT  LOCAL  DEFAULT   16 __frame_dummy_init_array_
    34: 0000000000000000     0 FILE    LOCAL  DEFAULT  ABS lib.c
    35: 0000000000000000     0 FILE    LOCAL  DEFAULT  ABS crtstuff.c
    36: 00000000000007d0     0 OBJECT  LOCAL  DEFAULT   15 __FRAME_END__
    37: 0000000000200e08     0 OBJECT  LOCAL  DEFAULT   18 __JCR_END__
    38: 0000000000000000     0 FILE    LOCAL  DEFAULT  ABS 
    39: 0000000000200e10     0 OBJECT  LOCAL  DEFAULT   19 __dso_handle
    40: 0000000000200e18     0 OBJECT  LOCAL  DEFAULT   20 _DYNAMIC
    41: 0000000000000750     0 NOTYPE  LOCAL  DEFAULT   14 __GNU_EH_FRAME_HDR
    42: 0000000000201038     0 OBJECT  LOCAL  DEFAULT   22 __TMC_END__
    43: 0000000000201000     0 OBJECT  LOCAL  DEFAULT   22 _GLOBAL_OFFSET_TABLE_
    44: 0000000000000000     0 NOTYPE  WEAK   DEFAULT  UND _ITM_deregisterTMCloneTab
    45: 0000000000201038     0 NOTYPE  GLOBAL DEFAULT   22 _edata
    46: 0000000000000728     0 FUNC    GLOBAL DEFAULT   12 _fini
    47: 00000000000006f5    50 FUNC    GLOBAL DEFAULT   11 foobar
    48: 0000000000000000     0 FUNC    GLOBAL DEFAULT  UND printf@@GLIBC_2.2.5
    49: 0000000000000000     0 NOTYPE  WEAK   DEFAULT  UND __gmon_start__
    50: 0000000000201040     0 NOTYPE  GLOBAL DEFAULT   23 _end
    51: 0000000000201038     0 NOTYPE  GLOBAL DEFAULT   23 __bss_start
    52: 0000000000000000     0 NOTYPE  WEAK   DEFAULT  UND _Jv_RegisterClasses
    53: 0000000000000000     0 NOTYPE  WEAK   DEFAULT  UND _ITM_registerTMCloneTable
    54: 0000000000000000     0 FUNC    GLOBAL DEFAULT  UND sleep@@GLIBC_2.2.5
    55: 0000000000000000     0 FUNC    WEAK   DEFAULT  UND __cxa_finalize@@GLIBC_2.2
    56: 0000000000000598     0 FUNC    GLOBAL DEFAULT    9 _init
