There are 13 section headers, starting at offset 0x180:

Section Headers:
  [Nr] Name              Type             Address           Offset
       Size              EntSize          Flags  Link  Info  Align
  [ 0]                   NULL             0000000000000000  00000000
       0000000000000000  0000000000000000           0     0     0
  [ 1] .text             PROGBITS         0000000000000000  00000040
       000000000000005d  0000000000000000  AX       0     0     4
  [ 2] .rela.text        RELA             0000000000000000  000006a8
       0000000000000078  0000000000000018          11     1     8
  [ 3] .data             PROGBITS         0000000000000000  000000a0
       0000000000000008  0000000000000000  WA       0     0     4
  [ 4] .bss              NOBITS           0000000000000000  000000a8
       0000000000000004  0000000000000000  WA       0     0     4
  [ 5] .rodata           PROGBITS         0000000000000000  000000a8
       0000000000000004  0000000000000000   A       0     0     1
  [ 6] .comment          PROGBITS         0000000000000000  000000ac
       0000000000000012  0000000000000001  MS       0     0     1
  [ 7] .note.GNU-stack   PROGBITS         0000000000000000  000000be
       0000000000000000  0000000000000000           0     0     1
  [ 8] .eh_frame         PROGBITS         0000000000000000  000000c0
       0000000000000058  0000000000000000   A       0     0     8
  [ 9] .rela.eh_frame    RELA             0000000000000000  00000720
       0000000000000030  0000000000000018          11     8     8
  [10] .shstrtab         STRTAB           0000000000000000  00000118
       0000000000000061  0000000000000000           0     0     1
  [11] .symtab           SYMTAB           0000000000000000  000004c0
       0000000000000180  0000000000000018          12    11     8
  [12] .strtab           STRTAB           0000000000000000  00000640
       0000000000000066  0000000000000000           0     0     1
Key to Flags:
  W (write), A (alloc), X (execute), M (merge), S (strings), l (large)
  I (info), L (link order), G (group), T (TLS), E (exclude), x (unknown)
  O (extra OS processing required) o (OS specific), p (processor specific)
