There are 28 section headers, starting at offset 0x1890:

Section Headers:
  [Nr] Name              Type             Address           Offset
       Size              EntSize          Flags  Link  Info  Align
  [ 0]                   NULL             0000000000000000  00000000
       0000000000000000  0000000000000000           0     0     0
  [ 1] .note.gnu.build-i NOTE             00000000000001c8  000001c8
       0000000000000024  0000000000000000   A       0     0     4
  [ 2] .gnu.hash         GNU_HASH         00000000000001f0  000001f0
       000000000000003c  0000000000000000   A       3     0     8
  [ 3] .dynsym           DYNSYM           0000000000000230  00000230
       0000000000000150  0000000000000018   A       4     1     8
  [ 4] .dynstr           STRTAB           0000000000000380  00000380
       00000000000000b7  0000000000000000   A       0     0     1
  [ 5] .gnu.version      VERSYM           0000000000000438  00000438
       000000000000001c  0000000000000002   A       3     0     2
  [ 6] .gnu.version_r    VERNEED          0000000000000458  00000458
       0000000000000020  0000000000000000   A       4     1     8
  [ 7] .rela.dyn         RELA             0000000000000478  00000478
       00000000000000c0  0000000000000018   A       3     0     8
  [ 8] .rela.plt         RELA             0000000000000538  00000538
       0000000000000060  0000000000000018  AI       3    22     8
  [ 9] .init             PROGBITS         0000000000000598  00000598
       000000000000001a  0000000000000000  AX       0     0     4
  [10] .plt              PROGBITS         00000000000005c0  000005c0
       0000000000000050  0000000000000010  AX       0     0     16
  [11] .text             PROGBITS         0000000000000610  00000610
       0000000000000117  0000000000000000  AX       0     0     16
  [12] .fini             PROGBITS         0000000000000728  00000728
       0000000000000009  0000000000000000  AX       0     0     4
  [13] .rodata           PROGBITS         0000000000000731  00000731
       000000000000001d  0000000000000000   A       0     0     1
  [14] .eh_frame_hdr     PROGBITS         0000000000000750  00000750
       000000000000001c  0000000000000000   A       0     0     4
  [15] .eh_frame         PROGBITS         0000000000000770  00000770
       0000000000000064  0000000000000000   A       0     0     8
  [16] .init_array       INIT_ARRAY       0000000000200df8  00000df8
       0000000000000008  0000000000000008  WA       0     0     8
  [17] .fini_array       FINI_ARRAY       0000000000200e00  00000e00
       0000000000000008  0000000000000008  WA       0     0     8
  [18] .jcr              PROGBITS         0000000000200e08  00000e08
       0000000000000008  0000000000000000  WA       0     0     8
  [19] .data.rel.ro      PROGBITS         0000000000200e10  00000e10
       0000000000000008  0000000000000000  WA       0     0     8
  [20] .dynamic          DYNAMIC          0000000000200e18  00000e18
       00000000000001c0  0000000000000010  WA       4     0     8
  [21] .got              PROGBITS         0000000000200fd8  00000fd8
       0000000000000028  0000000000000008  WA       0     0     8
  [22] .got.plt          PROGBITS         0000000000201000  00001000
       0000000000000038  0000000000000008  WA       0     0     8
  [23] .bss              NOBITS           0000000000201038  00001038
       0000000000000008  0000000000000000  WA       0     0     1
  [24] .comment          PROGBITS         0000000000000000  00001038
       000000000000002d  0000000000000001  MS       0     0     1
  [25] .symtab           SYMTAB           0000000000000000  00001068
       0000000000000558  0000000000000018          26    44     8
  [26] .strtab           STRTAB           0000000000000000  000015c0
       00000000000001d7  0000000000000000           0     0     1
  [27] .shstrtab         STRTAB           0000000000000000  00001797
       00000000000000f9  0000000000000000           0     0     1
Key to Flags:
  W (write), A (alloc), X (execute), M (merge), S (strings), I (info),
  L (link order), O (extra OS processing required), G (group), T (TLS),
  C (compressed), x (unknown), o (OS specific), E (exclude),
  l (large), p (processor specific)
